[2026-05-21T14:00:03.982Z] Inscrição #45 criada
[2026-05-21T15:26:52.523Z] Participante #10 registrado
[2026-05-21T15:29:44.926Z] Participante #11 registrado
[2026-05-21T15:30:20.131Z] Participante #12 registrado
[2026-05-21T15:59:29.565Z] Inscrição #46 criada
[2026-05-21T16:09:15.523Z] Inscrição #47 criada
[2026-05-21T16:11:16.528Z] Inscrição #48 criada
[2026-05-21T16:11:21.494Z] Inscrição #48 cancelada
[2026-05-21T16:12:50.611Z] Inscrição #49 criada
[2026-05-21T16:12:55.995Z] Inscrição #49 cancelada
[2026-05-26T10:55:48.278Z] Inscrição #50 criada
[2026-05-26T12:50:52.075Z] Evento #5 ("Festa Junina do SENAI") criado
[2026-05-26T12:51:50.926Z] Participante #13 registrado
[2026-05-26T12:56:38.497Z] Participante #14 registrado
[2026-05-26T13:00:40.975Z] Participante #15 registrado
[2026-05-26T13:04:10.053Z] Participante #16 registrado
[2026-05-26T13:06:26.317Z] Participante #17 registrado
[2026-05-26T13:09:17.259Z] Participante #18 registrado
[2026-05-26T13:11:54.525Z] Inscrição #51 criada
[2026-05-26T13:14:24.773Z] Inscrição #51 cancelada
[2026-05-28T15:28:41.587Z] Inscrição #52 criada
[2026-05-28T15:30:11.283Z] Inscrição #52 cancelada
[2026-06-02T11:17:12.662Z] Participante #19 registrado
[2026-06-02T11:35:41.493Z] Evento #6 ("Palestra sobre IA") criado
[2026-06-02T11:36:39.218Z] Evento #2 ("Hackathon SENAI 2025") deletado
[2026-06-02T11:55:04.822Z] Evento #1 ("Teste") criado
[2026-06-02T11:56:11.108Z] Participante #5 registrado
[2026-06-02T11:56:18.701Z] Inscrição #1 criada
